<?xml version="1.0" encoding="UTF-8"?>
<!-- Generated by org.testng.reporters.JUnitReportReporter -->
<testsuite hostname="ananta-PC" name="com.rubi.selenium.SnapdealDemo" tests="1" failures="0" timestamp="2 Nov 2015 11:12:28 GMT" time="17.816" errors="0">
  <testcase name="GoogleLogin" time="17.816" classname="com.rubi.selenium.SnapdealDemo"/>
</testsuite> <!-- com.rubi.selenium.SnapdealDemo -->
